<?xml version="1.0" encoding="UTF-8"?>
<robot generator="Robot 3.0.4 (Python 3.6.5 on darwin)" generated="20181104 21:08:08.015">
<suite id="s1" name="Hackerschool" source="/Users/lukasloukota/Work/Programming/Python/hackerschool/hackerschool">
<suite id="s1-s1" name="Week3" source="/Users/lukasloukota/Work/Programming/Python/hackerschool/hackerschool/week3">
<suite id="s1-s1-s1" name="Tests" source="/Users/lukasloukota/Work/Programming/Python/hackerschool/hackerschool/week3/Tests">
<suite id="s1-s1-s1-s1" name="Workshop" source="/Users/lukasloukota/Work/Programming/Python/hackerschool/hackerschool/week3/Tests/Workshop">
<suite id="s1-s1-s1-s1-s1" name="Mahara Test" source="/Users/lukasloukota/Work/Programming/Python/hackerschool/hackerschool/week3/Tests/Workshop/Mahara_Test.robot">
<test id="s1-s1-s1-s1-s1-t1" name="Mahara Invalid Login">
<kw name="Open browser to Mahara" library="Mahara_keywords" type="setup">
<kw name="Open Browser" library="SeleniumLibrary">
<doc>Opens a new browser instance to the given ``url``.</doc>
<arguments>
<arg>https://demo.mahara.org/</arg>
<arg>chrome</arg>
</arguments>
<msg timestamp="20181104 21:08:08.166" level="INFO">Opening browser 'chrome' to base url 'https://demo.mahara.org/'.</msg>
<kw name="Capture Page Screenshot" library="SeleniumLibrary">
<doc>Takes screenshot of the current page and embeds it into log file.</doc>
<msg timestamp="20181104 21:08:08.177" level="INFO">Cannot capture screenshot because no browser is open.</msg>
<status status="PASS" starttime="20181104 21:08:08.176" endtime="20181104 21:08:08.177"></status>
</kw>
<msg timestamp="20181104 21:08:08.180" level="FAIL">WebDriverException: Message: 'chromedriver' executable needs to be in PATH. Please see https://sites.google.com/a/chromium.org/chromedriver/home
</msg>
<status status="FAIL" starttime="20181104 21:08:08.166" endtime="20181104 21:08:08.180"></status>
</kw>
<status status="FAIL" starttime="20181104 21:08:08.165" endtime="20181104 21:08:08.180"></status>
</kw>
<kw name="Capture Screenshot and Close Browser" library="Mahara_keywords" type="teardown">
<kw name="Capture Page Screenshot" library="SeleniumLibrary">
<doc>Takes screenshot of the current page and embeds it into log file.</doc>
<msg timestamp="20181104 21:08:08.182" level="INFO">Cannot capture screenshot because no browser is open.</msg>
<status status="PASS" starttime="20181104 21:08:08.182" endtime="20181104 21:08:08.182"></status>
</kw>
<kw name="Close Browser" library="SeleniumLibrary">
<doc>Closes the current browser.</doc>
<status status="PASS" starttime="20181104 21:08:08.182" endtime="20181104 21:08:08.183"></status>
</kw>
<status status="PASS" starttime="20181104 21:08:08.181" endtime="20181104 21:08:08.183"></status>
</kw>
<status status="FAIL" starttime="20181104 21:08:08.164" endtime="20181104 21:08:08.183" critical="yes">Setup failed:
WebDriverException: Message: 'chromedriver' executable needs to be in PATH. Please see https://sites.google.com/a/chromium.org/chromedriver/home
</status>
</test>
<test id="s1-s1-s1-s1-s1-t2" name="Mahara Admin Login">
<kw name="Open browser to Mahara" library="Mahara_keywords" type="setup">
<kw name="Open Browser" library="SeleniumLibrary">
<doc>Opens a new browser instance to the given ``url``.</doc>
<arguments>
<arg>https://demo.mahara.org/</arg>
<arg>chrome</arg>
</arguments>
<msg timestamp="20181104 21:08:08.185" level="INFO">Opening browser 'chrome' to base url 'https://demo.mahara.org/'.</msg>
<kw name="Capture Page Screenshot" library="SeleniumLibrary">
<doc>Takes screenshot of the current page and embeds it into log file.</doc>
<msg timestamp="20181104 21:08:08.190" level="INFO">Cannot capture screenshot because no browser is open.</msg>
<status status="PASS" starttime="20181104 21:08:08.189" endtime="20181104 21:08:08.190"></status>
</kw>
<msg timestamp="20181104 21:08:08.191" level="FAIL">WebDriverException: Message: 'chromedriver' executable needs to be in PATH. Please see https://sites.google.com/a/chromium.org/chromedriver/home
</msg>
<status status="FAIL" starttime="20181104 21:08:08.184" endtime="20181104 21:08:08.191"></status>
</kw>
<status status="FAIL" starttime="20181104 21:08:08.184" endtime="20181104 21:08:08.192"></status>
</kw>
<kw name="Capture Screenshot and Close Browser" library="Mahara_keywords" type="teardown">
<kw name="Capture Page Screenshot" library="SeleniumLibrary">
<doc>Takes screenshot of the current page and embeds it into log file.</doc>
<msg timestamp="20181104 21:08:08.194" level="INFO">Cannot capture screenshot because no browser is open.</msg>
<status status="PASS" starttime="20181104 21:08:08.194" endtime="20181104 21:08:08.194"></status>
</kw>
<kw name="Close Browser" library="SeleniumLibrary">
<doc>Closes the current browser.</doc>
<status status="PASS" starttime="20181104 21:08:08.194" endtime="20181104 21:08:08.195"></status>
</kw>
<status status="PASS" starttime="20181104 21:08:08.193" endtime="20181104 21:08:08.195"></status>
</kw>
<status status="FAIL" starttime="20181104 21:08:08.184" endtime="20181104 21:08:08.195" critical="yes">Setup failed:
WebDriverException: Message: 'chromedriver' executable needs to be in PATH. Please see https://sites.google.com/a/chromium.org/chromedriver/home
</status>
</test>
<status status="FAIL" starttime="20181104 21:08:08.067" endtime="20181104 21:08:08.196"></status>
</suite>
<status status="FAIL" starttime="20181104 21:08:08.066" endtime="20181104 21:08:08.198"></status>
</suite>
<status status="FAIL" starttime="20181104 21:08:08.064" endtime="20181104 21:08:08.199"></status>
</suite>
<status status="FAIL" starttime="20181104 21:08:08.062" endtime="20181104 21:08:08.201"></status>
</suite>
<status status="FAIL" starttime="20181104 21:08:08.043" endtime="20181104 21:08:08.202"></status>
</suite>
<statistics>
<total>
<stat pass="0" fail="2">Critical Tests</stat>
<stat pass="0" fail="2">All Tests</stat>
</total>
<tag>
</tag>
<suite>
<stat pass="0" fail="2" id="s1" name="Hackerschool">Hackerschool</stat>
<stat pass="0" fail="2" id="s1-s1" name="Week3">Hackerschool.Week3</stat>
<stat pass="0" fail="2" id="s1-s1-s1" name="Tests">Hackerschool.Week3.Tests</stat>
<stat pass="0" fail="2" id="s1-s1-s1-s1" name="Workshop">Hackerschool.Week3.Tests.Workshop</stat>
<stat pass="0" fail="2" id="s1-s1-s1-s1-s1" name="Mahara Test">Hackerschool.Week3.Tests.Workshop.Mahara Test</stat>
</suite>
</statistics>
<errors>
</errors>
</robot>
