<?xml version="1.0" encoding="UTF-8"?>
<robot generator="Robot 3.0.4 (Python 3.6.6 on darwin)" generated="20181104 21:30:07.146">
<suite id="s1" name="Mahara Test" source="/Users/lukasloukota/Work/Programming/Python/hackerschool/hackerschool/week3/Tests/Workshop/Mahara_Test.robot">
<test id="s1-t1" name="Mahara Invalid Login">
<kw name="Open browser to Mahara" library="Mahara_keywords" type="setup">
<kw name="Open Browser" library="SeleniumLibrary">
<doc>Opens a new browser instance to the given ``url``.</doc>
<arguments>
<arg>https://demo.mahara.org/</arg>
<arg>chrome</arg>
</arguments>
<msg timestamp="20181104 21:30:07.312" level="INFO">Opening browser 'chrome' to base url 'https://demo.mahara.org/'.</msg>
<status status="PASS" starttime="20181104 21:30:07.311" endtime="20181104 21:30:17.587"></status>
</kw>
<kw name="Maximize Browser Window" library="SeleniumLibrary">
<doc>Maximizes current browser window.</doc>
<kw name="Capture Page Screenshot" library="SeleniumLibrary">
<doc>Takes screenshot of the current page and embeds it into log file.</doc>
<msg timestamp="20181104 21:30:18.114" level="INFO" html="yes">&lt;/td&gt;&lt;/tr&gt;&lt;tr&gt;&lt;td colspan="3"&gt;&lt;a href="selenium-screenshot-9.png"&gt;&lt;img src="selenium-screenshot-9.png" width="800px"&gt;&lt;/a&gt;</msg>
<status status="PASS" starttime="20181104 21:30:17.693" endtime="20181104 21:30:18.115"></status>
</kw>
<msg timestamp="20181104 21:30:18.121" level="FAIL">WebDriverException: Message: unknown error: failed to change window state to maximized, current state is normal
  (Session info: chrome=70.0.3538.77)
  (Driver info: chromedriver=2.43.600229 (3fae4d0cda5334b4f533bede5a4787f7b832d052),platform=Mac OS X 10.14.0 x86_64)
</msg>
<status status="FAIL" starttime="20181104 21:30:17.588" endtime="20181104 21:30:18.121"></status>
</kw>
<status status="FAIL" starttime="20181104 21:30:07.311" endtime="20181104 21:30:18.121"></status>
</kw>
<kw name="Capture Screenshot and Close Browser" library="Mahara_keywords" type="teardown">
<kw name="Capture Page Screenshot" library="SeleniumLibrary">
<doc>Takes screenshot of the current page and embeds it into log file.</doc>
<msg timestamp="20181104 21:30:18.525" level="INFO" html="yes">&lt;/td&gt;&lt;/tr&gt;&lt;tr&gt;&lt;td colspan="3"&gt;&lt;a href="selenium-screenshot-10.png"&gt;&lt;img src="selenium-screenshot-10.png" width="800px"&gt;&lt;/a&gt;</msg>
<status status="PASS" starttime="20181104 21:30:18.122" endtime="20181104 21:30:18.525"></status>
</kw>
<kw name="Close Browser" library="SeleniumLibrary">
<doc>Closes the current browser.</doc>
<status status="PASS" starttime="20181104 21:30:18.525" endtime="20181104 21:30:18.596"></status>
</kw>
<status status="PASS" starttime="20181104 21:30:18.122" endtime="20181104 21:30:18.596"></status>
</kw>
<status status="FAIL" starttime="20181104 21:30:07.311" endtime="20181104 21:30:18.596" critical="yes">Setup failed:
WebDriverException: Message: unknown error: failed to change window state to maximized, current state is normal
  (Session info: chrome=70.0.3538.77)
  (Driver info: chromedriver=2.43.600229 (3fae4d0cda5334b4f533bede5a4787f7b832d052),platform=Mac OS X 10.14.0 x86_64)
</status>
</test>
<status status="FAIL" starttime="20181104 21:30:07.147" endtime="20181104 21:30:18.598"></status>
</suite>
<statistics>
<total>
<stat pass="0" fail="1">Critical Tests</stat>
<stat pass="0" fail="1">All Tests</stat>
</total>
<tag>
</tag>
<suite>
<stat pass="0" fail="1" id="s1" name="Mahara Test">Mahara Test</stat>
</suite>
</statistics>
<errors>
</errors>
</robot>
