<?xml version="1.0" encoding="UTF-8"?>
<robot generator="Robot 3.0.4 (Python 3.6.6 on darwin)" generated="20181028 21:23:23.415">
<suite id="s1" name="First Hw" source="/Users/lukasloukota/Work/Programming/Python/hackerschool/hackerschool/week2/Test/first_hw.robot">
<test id="s1-t1" name="User Input">
<kw name="Get Input and Compare" library="hw2_keywords">
<kw name="Get Value From User" library="Dialogs">
<doc>Pauses test execution and asks user to input a value.</doc>
<arguments>
<arg>Please input an integer value</arg>
</arguments>
<assign>
<var>${user_input}</var>
</assign>
<msg timestamp="20181028 21:23:24.678" level="INFO">${user_input} = 42</msg>
<status status="PASS" starttime="20181028 21:23:23.455" endtime="20181028 21:23:24.678"></status>
</kw>
<kw name="Convert To String" library="BuiltIn">
<doc>Converts the given item to a Unicode string.</doc>
<arguments>
<arg>${EXPECTED_VALUE}</arg>
</arguments>
<assign>
<var>${EXPECTED_VALUE}</var>
</assign>
<msg timestamp="20181028 21:23:24.678" level="INFO">${EXPECTED_VALUE} = 2</msg>
<status status="PASS" starttime="20181028 21:23:24.678" endtime="20181028 21:23:24.679"></status>
</kw>
<kw name="Should Be Equal" library="BuiltIn">
<doc>Fails if the given objects are unequal.</doc>
<arguments>
<arg>${user_input}</arg>
<arg>${EXPECTED_VALUE}</arg>
<arg>Input value should be equal to expected value.</arg>
</arguments>
<msg timestamp="20181028 21:23:24.679" level="FAIL">Input value should be equal to expected value.: 42 != 2</msg>
<status status="FAIL" starttime="20181028 21:23:24.679" endtime="20181028 21:23:24.679"></status>
</kw>
<status status="FAIL" starttime="20181028 21:23:23.455" endtime="20181028 21:23:24.680"></status>
</kw>
<status status="FAIL" starttime="20181028 21:23:23.454" endtime="20181028 21:23:24.681" critical="yes">Input value should be equal to expected value.: 42 != 2</status>
</test>
<status status="FAIL" starttime="20181028 21:23:23.419" endtime="20181028 21:23:24.681"></status>
</suite>
<statistics>
<total>
<stat pass="0" fail="1">Critical Tests</stat>
<stat pass="0" fail="1">All Tests</stat>
</total>
<tag>
</tag>
<suite>
<stat pass="0" fail="1" id="s1" name="First Hw">First Hw</stat>
</suite>
</statistics>
<errors>
</errors>
</robot>
