<?xml version="1.0" encoding="UTF-8"?>
<robot generator="Robot 3.0.4 (Python 3.6.6 on darwin)" generated="20181029 18:37:40.989">
<suite id="s1" name="Mahara Test" source="/Users/lukasloukota/Work/Programming/Python/hackerschool/hackerschool/week3/Tests/Workshop/Mahara_Test.robot">
<test id="s1-t1" name="Mahara Invalid Login">
<kw name="Open Browser" library="SeleniumLibrary">
<doc>Opens a new browser instance to the given ``url``.</doc>
<arguments>
<arg>https://demo.mahara.org/</arg>
<arg>chrome</arg>
</arguments>
<msg timestamp="20181029 18:37:41.103" level="INFO">Opening browser 'chrome' to base url 'https://demo.mahara.org/'.</msg>
<status status="PASS" starttime="20181029 18:37:41.103" endtime="20181029 18:37:47.854"></status>
</kw>
<kw name="Maximize Browser Window" library="SeleniumLibrary">
<doc>Maximizes current browser window.</doc>
<status status="PASS" starttime="20181029 18:37:47.855" endtime="20181029 18:37:48.063"></status>
</kw>
<kw name="Sleep" library="BuiltIn">
<doc>Pauses the test executed for the given time.</doc>
<arguments>
<arg>5</arg>
</arguments>
<msg timestamp="20181029 18:37:53.064" level="INFO">Slept 5 seconds</msg>
<status status="PASS" starttime="20181029 18:37:48.063" endtime="20181029 18:37:53.064"></status>
</kw>
<kw name="Close Browser" library="SeleniumLibrary">
<doc>Closes the current browser.</doc>
<status status="PASS" starttime="20181029 18:37:53.064" endtime="20181029 18:37:53.136"></status>
</kw>
<status status="PASS" starttime="20181029 18:37:41.102" endtime="20181029 18:37:53.137" critical="yes"></status>
</test>
<status status="PASS" starttime="20181029 18:37:40.992" endtime="20181029 18:37:53.139"></status>
</suite>
<statistics>
<total>
<stat pass="1" fail="0">Critical Tests</stat>
<stat pass="1" fail="0">All Tests</stat>
</total>
<tag>
</tag>
<suite>
<stat pass="1" fail="0" id="s1" name="Mahara Test">Mahara Test</stat>
</suite>
</statistics>
<errors>
</errors>
</robot>
