<?xml version="1.0" encoding="UTF-8"?>
<robot generator="Robot 3.0.4 (Python 3.6.6 on darwin)" generated="20181029 18:40:27.574">
<suite id="s1" name="Mahara Test" source="/Users/lukasloukota/Work/Programming/Python/hackerschool/hackerschool/week3/Tests/Workshop/Mahara_Test.robot">
<test id="s1-t1" name="Mahara Invalid Login">
<kw name="Open Browser" library="SeleniumLibrary">
<doc>Opens a new browser instance to the given ``url``.</doc>
<arguments>
<arg>https://demo.mahara.org/</arg>
<arg>chrome</arg>
</arguments>
<msg timestamp="20181029 18:40:27.719" level="INFO">Opening browser 'chrome' to base url 'https://demo.mahara.org/'.</msg>
<status status="PASS" starttime="20181029 18:40:27.719" endtime="20181029 18:40:34.922"></status>
</kw>
<kw name="Maximize Browser Window" library="SeleniumLibrary">
<doc>Maximizes current browser window.</doc>
<status status="PASS" starttime="20181029 18:40:34.923" endtime="20181029 18:40:35.124"></status>
</kw>
<kw name="Sleep" library="BuiltIn">
<doc>Pauses the test executed for the given time.</doc>
<arguments>
<arg>5</arg>
</arguments>
<msg timestamp="20181029 18:40:40.125" level="INFO">Slept 5 seconds</msg>
<status status="PASS" starttime="20181029 18:40:35.125" endtime="20181029 18:40:40.126"></status>
</kw>
<kw name="Close Browser" library="SeleniumLibrary">
<doc>Closes the current browser.</doc>
<status status="PASS" starttime="20181029 18:40:40.126" endtime="20181029 18:40:40.196"></status>
</kw>
<status status="PASS" starttime="20181029 18:40:27.718" endtime="20181029 18:40:40.197" critical="yes"></status>
</test>
<status status="PASS" starttime="20181029 18:40:27.576" endtime="20181029 18:40:40.198"></status>
</suite>
<statistics>
<total>
<stat pass="1" fail="0">Critical Tests</stat>
<stat pass="1" fail="0">All Tests</stat>
</total>
<tag>
</tag>
<suite>
<stat pass="1" fail="0" id="s1" name="Mahara Test">Mahara Test</stat>
</suite>
</statistics>
<errors>
</errors>
</robot>
